c:\users\isaac\documents\edulink1v2\edulink1v2\x64\release\vc143.pdb
c:\users\isaac\documents\edulink1v2\edulink1v2\x64\release\edulink1v2.obj
c:\users\isaac\documents\edulink1v2\x64\release\edulink1v2.exe
c:\users\isaac\documents\edulink1v2\x64\release\edulink1v2.pdb
c:\users\isaac\documents\edulink1v2\edulink1v2\x64\release\edulink1v2.res
c:\users\isaac\documents\edulink1v2\edulink1v2\x64\release\edulink1v2.ipdb
c:\users\isaac\documents\edulink1v2\edulink1v2\x64\release\edulink1v2.iobj
c:\users\isaac\documents\edulinkone++\edulink1v2\edulink1v2\x64\release\edulink1v2.obj
c:\users\isaac\documents\edulinkone++\edulink1v2\edulink1v2\x64\release\edulink1v2.ipdb
c:\users\isaac\documents\edulinkone++\edulink1v2\edulink1v2\x64\release\edulink1v2.iobj
c:\users\isaac\documents\edulinkone++\edulink1v2\edulink1v2\x64\release\edulink1v2.res
c:\users\isaac\documents\edulinkone++\edulink1v2\edulink1v2\x64\release\vc143.pdb
c:\users\isaac\documents\edulinkone++\edulink1v2\x64\release\edulink1v2.pdb
c:\users\isaac\documents\edulinkone++\edulink1v2\x64\release\edulink1v2.exe
c:\users\isaac\documents\edulinkone++\edulink1v2\edulink1v2\x64\release\edulink1v2.tlog\cl.command.1.tlog
c:\users\isaac\documents\edulinkone++\edulink1v2\edulink1v2\x64\release\edulink1v2.tlog\cl.items.tlog
c:\users\isaac\documents\edulinkone++\edulink1v2\edulink1v2\x64\release\edulink1v2.tlog\cl.read.1.tlog
c:\users\isaac\documents\edulinkone++\edulink1v2\edulink1v2\x64\release\edulink1v2.tlog\cl.write.1.tlog
c:\users\isaac\documents\edulinkone++\edulink1v2\edulink1v2\x64\release\edulink1v2.tlog\link.command.1.tlog
c:\users\isaac\documents\edulinkone++\edulink1v2\edulink1v2\x64\release\edulink1v2.tlog\link.read.1.tlog
c:\users\isaac\documents\edulinkone++\edulink1v2\edulink1v2\x64\release\edulink1v2.tlog\link.secondary.1.tlog
c:\users\isaac\documents\edulinkone++\edulink1v2\edulink1v2\x64\release\edulink1v2.tlog\link.write.1.tlog
c:\users\isaac\documents\edulinkone++\edulink1v2\edulink1v2\x64\release\edulink1v2.tlog\rc.command.1.tlog
c:\users\isaac\documents\edulinkone++\edulink1v2\edulink1v2\x64\release\edulink1v2.tlog\rc.read.1.tlog
c:\users\isaac\documents\edulinkone++\edulink1v2\edulink1v2\x64\release\edulink1v2.tlog\rc.write.1.tlog
